0 info it worked if it ends with ok
1 verbose cli [ '/usr/local/bin/node', '/usr/local/bin/npm', 'start' ]
2 info using npm@3.9.3
3 info using node@v6.2.1
4 verbose run-script [ 'prestart', 'start', 'poststart' ]
5 info lifecycle bot-random-word@~prestart: bot-random-word@
6 silly lifecycle bot-random-word@~prestart: no script for prestart, continuing
7 info lifecycle bot-random-word@~start: bot-random-word@
8 verbose lifecycle bot-random-word@~start: unsafe-perm in lifecycle true
9 verbose lifecycle bot-random-word@~start: PATH: /usr/local/lib/node_modules/npm/bin/node-gyp-bin:/Users/felipe/dev/chatbot/examples/random-words/node_modules/.bin:/usr/local/bin:/Users/felipe/.rvm/gems/ruby-2.1.2/bin:/Users/felipe/.rvm/gems/ruby-2.1.2@global/bin:/Users/felipe/.rvm/rubies/ruby-2.1.2/bin:/usr/local/bin:/usr/bin:/bin:/usr/sbin:/sbin:/opt/X11/bin:/usr/local/git/bin:/Users/felipe/.rvm/bin
10 verbose lifecycle bot-random-word@~start: CWD: /Users/felipe/dev/chatbot/examples/random-words
11 silly lifecycle bot-random-word@~start: Args: [ '-c', 'node index.js' ]
12 silly lifecycle bot-random-word@~start: Returned: code: 1  signal: null
13 info lifecycle bot-random-word@~start: Failed to exec start script
14 verbose stack Error: bot-random-word@ start: `node index.js`
14 verbose stack Exit status 1
14 verbose stack     at EventEmitter.<anonymous> (/usr/local/lib/node_modules/npm/lib/utils/lifecycle.js:245:16)
14 verbose stack     at emitTwo (events.js:106:13)
14 verbose stack     at EventEmitter.emit (events.js:191:7)
14 verbose stack     at ChildProcess.<anonymous> (/usr/local/lib/node_modules/npm/lib/utils/spawn.js:24:14)
14 verbose stack     at emitTwo (events.js:106:13)
14 verbose stack     at ChildProcess.emit (events.js:191:7)
14 verbose stack     at maybeClose (internal/child_process.js:852:16)
14 verbose stack     at Process.ChildProcess._handle.onexit (internal/child_process.js:215:5)
15 verbose pkgid bot-random-word@
16 verbose cwd /Users/felipe/dev/chatbot/examples/random-words
17 error Darwin 15.6.0
18 error argv "/usr/local/bin/node" "/usr/local/bin/npm" "start"
19 error node v6.2.1
20 error npm  v3.9.3
21 error code ELIFECYCLE
22 error bot-random-word@ start: `node index.js`
22 error Exit status 1
23 error Failed at the bot-random-word@ start script 'node index.js'.
23 error Make sure you have the latest version of node.js and npm installed.
23 error If you do, this is most likely a problem with the bot-random-word package,
23 error not with npm itself.
23 error Tell the author that this fails on your system:
23 error     node index.js
23 error You can get information on how to open an issue for this project with:
23 error     npm bugs bot-random-word
23 error Or if that isn't available, you can get their info via:
23 error     npm owner ls bot-random-word
23 error There is likely additional logging output above.
24 verbose exit [ 1, true ]
